c:\users\thomas\documents\visual studio 2015\projects\comp2501 a3\source\x64\debug\vc140.pdb
c:\users\thomas\documents\visual studio 2015\projects\comp2501 a3\source\x64\debug\vc140.idb
c:\users\thomas\documents\visual studio 2015\projects\comp2501 a3\source\x64\debug\player.obj
c:\users\thomas\documents\visual studio 2015\projects\comp2501 a3\source\x64\debug\view.obj
c:\users\thomas\documents\visual studio 2015\projects\comp2501 a3\source\x64\debug\controller.obj
c:\users\thomas\documents\visual studio 2015\projects\comp2501 a3\source\x64\debug\main.obj
c:\users\thomas\documents\visual studio 2015\projects\comp2501 a3\source\x64\debug\bullet.obj
c:\users\thomas\documents\visual studio 2015\projects\comp2501 a3\source\x64\debug\game.obj
c:\users\thomas\documents\visual studio 2015\projects\comp2501 a3\source\x64\debug\model.obj
c:\users\thomas\documents\visual studio 2015\projects\comp2501 a3\source\x64\debug\enemy.obj
c:\users\thomas\documents\visual studio 2015\projects\comp2501 a3\source\x64\debug\enemy_1.obj
c:\users\thomas\documents\visual studio 2015\projects\comp2501 a3\x64\debug\assignment3.ilk
c:\users\thomas\documents\visual studio 2015\projects\comp2501 a3\x64\debug\assignment3.exe
c:\users\thomas\documents\visual studio 2015\projects\comp2501 a3\x64\debug\assignment3.pdb
c:\users\thomas\documents\visual studio 2015\projects\comp2501 a3\source\x64\debug\assignment3.tlog\cl.command.1.tlog
c:\users\thomas\documents\visual studio 2015\projects\comp2501 a3\source\x64\debug\assignment3.tlog\cl.read.1.tlog
c:\users\thomas\documents\visual studio 2015\projects\comp2501 a3\source\x64\debug\assignment3.tlog\cl.write.1.tlog
c:\users\thomas\documents\visual studio 2015\projects\comp2501 a3\source\x64\debug\assignment3.tlog\link.command.1.tlog
c:\users\thomas\documents\visual studio 2015\projects\comp2501 a3\source\x64\debug\assignment3.tlog\link.read.1.tlog
c:\users\thomas\documents\visual studio 2015\projects\comp2501 a3\source\x64\debug\assignment3.tlog\link.write.1.tlog
